c:\users\rupa\documents\visual studio 2015\projects\projsnakesandladders\projsnakesandladders\debug\vc140.pdb
c:\users\rupa\documents\visual studio 2015\projects\projsnakesandladders\projsnakesandladders\debug\frmmain.obj
c:\users\rupa\documents\visual studio 2015\projects\projsnakesandladders\projsnakesandladders\debug\.netframework,version=v4.5.2.assemblyattributes.obj
c:\users\rupa\documents\visual studio 2015\projects\projsnakesandladders\projsnakesandladders\debug\.netframework,version=v4.5.2.assemblyattributes.asm
c:\users\rupa\documents\visual studio 2015\projects\projsnakesandladders\debug\projsnakesandladders.exe
c:\users\rupa\documents\visual studio 2015\projects\projsnakesandladders\debug\projsnakesandladders.pdb
c:\users\rupa\documents\visual studio 2015\projects\projsnakesandladders\projsnakesandladders\debug\projsnakesandladders.frmmain.resources
c:\users\rupa\documents\visual studio 2015\projects\projsnakesandladders\projsnakesandladders\debug\projsnakesandladders.res
c:\users\rupa\documents\visual studio 2015\projects\projsnakesandladders\projsnakesandladders\debug\projsnakesandladders.vcxproj.generateresource.cache
c:\users\rupa\documents\visual studio 2015\projects\projsnakesandladders\projsnakesandladders\debug\projsnak.3cce3641.tlog\cl.command.1.tlog
c:\users\rupa\documents\visual studio 2015\projects\projsnakesandladders\projsnakesandladders\debug\projsnak.3cce3641.tlog\cl.read.1.tlog
c:\users\rupa\documents\visual studio 2015\projects\projsnakesandladders\projsnakesandladders\debug\projsnak.3cce3641.tlog\cl.write.1.tlog
c:\users\rupa\documents\visual studio 2015\projects\projsnakesandladders\projsnakesandladders\debug\projsnak.3cce3641.tlog\link.command.1.tlog
c:\users\rupa\documents\visual studio 2015\projects\projsnakesandladders\projsnakesandladders\debug\projsnak.3cce3641.tlog\link.read.1.tlog
c:\users\rupa\documents\visual studio 2015\projects\projsnakesandladders\projsnakesandladders\debug\projsnak.3cce3641.tlog\link.write.1.tlog
c:\users\rupa\documents\visual studio 2015\projects\projsnakesandladders\projsnakesandladders\debug\projsnak.3cce3641.tlog\metagen.read.1.tlog
c:\users\rupa\documents\visual studio 2015\projects\projsnakesandladders\projsnakesandladders\debug\projsnak.3cce3641.tlog\metagen.write.1.tlog
c:\users\rupa\documents\visual studio 2015\projects\projsnakesandladders\projsnakesandladders\debug\projsnak.3cce3641.tlog\projsnakesandladders.write.1u.tlog
c:\users\rupa\documents\visual studio 2015\projects\projsnakesandladders\projsnakesandladders\debug\projsnak.3cce3641.tlog\rc.command.1.tlog
c:\users\rupa\documents\visual studio 2015\projects\projsnakesandladders\projsnakesandladders\debug\projsnak.3cce3641.tlog\rc.read.1.tlog
c:\users\rupa\documents\visual studio 2015\projects\projsnakesandladders\projsnakesandladders\debug\projsnak.3cce3641.tlog\rc.write.1.tlog
c:\users\rupa\documents\visual studio 2015\projects\projsnakesandladders\projsnakesandladders\debug\projsnak.3cce3641.tlog\rsaenh.dll.bi
c:\users\rupa\documents\visual studio 2015\projects\projsnakesandladders\projsnakesandladders\debug\projsnak.3cce3641.tlog\tzres.dll.bi
